2020-05-08 22:53:23,888 DEBUG app MainThread : Starting API Server
2020-05-08 22:53:23,895 DEBUG Tours Controller MainThread : Starting Tours Controller
2020-05-08 22:53:23,912 INFO werkzeug MainThread :  * Running on http://127.0.0.1:5000/ (Press CTRL+C to quit)
2020-05-08 22:53:23,914 INFO werkzeug MainThread :  * Restarting with stat
2020-05-08 22:53:24,565 DEBUG app MainThread : Starting API Server
2020-05-08 22:53:24,574 DEBUG Tours Controller MainThread : Starting Tours Controller
2020-05-08 22:53:24,589 WARNING werkzeug MainThread :  * Debugger is active!
2020-05-08 22:53:24,591 INFO werkzeug MainThread :  * Debugger PIN: 164-914-456
2020-05-08 22:59:29,799 INFO werkzeug Thread-2 : 127.0.0.1 - - [08/May/2020 22:59:29] "[37mGET /api/v1/tours/5eb1cbe8ac46be6fab88bc73 HTTP/1.1[0m" 200 -
2020-05-08 22:59:59,764 INFO werkzeug Thread-3 : 127.0.0.1 - - [08/May/2020 22:59:59] "[37mGET /api/v1/tours/5eb1cbe8ac46be6fab88bc73 HTTP/1.1[0m" 200 -
2020-05-08 23:00:09,094 INFO werkzeug Thread-4 : 127.0.0.1 - - [08/May/2020 23:00:09] "[33mGET /api/v1/tours/ HTTP/1.1[0m" 404 -
2020-05-08 23:00:50,936 INFO werkzeug Thread-5 : 127.0.0.1 - - [08/May/2020 23:00:50] "[33mGET /api/v1/tours/ HTTP/1.1[0m" 404 -
2020-05-08 23:01:16,534 INFO werkzeug MainThread :  * Detected change in '/home/santiago22/Desktop/actualizado/traveler/api/app.py', reloading
2020-05-08 23:01:17,082 INFO werkzeug MainThread :  * Restarting with stat
2020-05-08 23:01:17,649 DEBUG app MainThread : Starting API Server
2020-05-08 23:01:17,655 DEBUG Tours Controller MainThread : Starting Tours Controller
2020-05-08 23:01:17,668 WARNING werkzeug MainThread :  * Debugger is active!
2020-05-08 23:01:17,669 INFO werkzeug MainThread :  * Debugger PIN: 164-914-456
2020-05-08 23:01:24,800 INFO werkzeug MainThread :  * Detected change in '/home/santiago22/Desktop/actualizado/traveler/api/app.py', reloading
2020-05-08 23:01:25,238 INFO werkzeug MainThread :  * Restarting with stat
2020-05-08 23:01:25,810 DEBUG app MainThread : Starting API Server
2020-05-08 23:01:25,819 DEBUG Tours Controller MainThread : Starting Tours Controller
2020-05-08 23:01:25,834 WARNING werkzeug MainThread :  * Debugger is active!
2020-05-08 23:01:25,836 INFO werkzeug MainThread :  * Debugger PIN: 164-914-456
2020-05-08 23:01:42,133 INFO werkzeug MainThread :  * Detected change in '/home/santiago22/Desktop/actualizado/traveler/api/app.py', reloading
2020-05-08 23:01:42,421 INFO werkzeug MainThread :  * Restarting with stat
2020-05-08 23:01:43,008 DEBUG app MainThread : Starting API Server
2020-05-08 23:01:43,016 DEBUG Tours Controller MainThread : Starting Tours Controller
2020-05-08 23:01:43,031 WARNING werkzeug MainThread :  * Debugger is active!
2020-05-08 23:01:43,032 INFO werkzeug MainThread :  * Debugger PIN: 164-914-456
2020-05-08 23:01:46,075 INFO werkzeug MainThread :  * Detected change in '/home/santiago22/Desktop/actualizado/traveler/api/app.py', reloading
2020-05-08 23:01:46,608 INFO werkzeug MainThread :  * Restarting with stat
2020-05-08 23:01:47,187 DEBUG app MainThread : Starting API Server
2020-05-08 23:01:47,195 DEBUG Tours Controller MainThread : Starting Tours Controller
2020-05-08 23:01:47,209 WARNING werkzeug MainThread :  * Debugger is active!
2020-05-08 23:01:47,210 INFO werkzeug MainThread :  * Debugger PIN: 164-914-456
2020-05-08 23:01:56,357 INFO werkzeug MainThread :  * Detected change in '/home/santiago22/Desktop/actualizado/traveler/api/app.py', reloading
2020-05-08 23:01:56,849 INFO werkzeug MainThread :  * Restarting with stat
2020-05-08 23:01:57,697 DEBUG app MainThread : Starting API Server
2020-05-08 23:01:57,703 DEBUG Tours Controller MainThread : Starting Tours Controller
2020-05-08 23:01:57,719 WARNING werkzeug MainThread :  * Debugger is active!
2020-05-08 23:01:57,721 INFO werkzeug MainThread :  * Debugger PIN: 164-914-456
2020-05-08 23:01:59,747 INFO werkzeug MainThread :  * Detected change in '/home/santiago22/Desktop/actualizado/traveler/api/app.py', reloading
2020-05-08 23:02:00,277 INFO werkzeug MainThread :  * Restarting with stat
2020-05-08 23:02:00,856 DEBUG app MainThread : Starting API Server
2020-05-08 23:02:00,863 DEBUG Tours Controller MainThread : Starting Tours Controller
2020-05-08 23:02:00,877 WARNING werkzeug MainThread :  * Debugger is active!
2020-05-08 23:02:00,878 INFO werkzeug MainThread :  * Debugger PIN: 164-914-456
2020-05-08 23:02:11,077 INFO werkzeug MainThread :  * Detected change in '/home/santiago22/Desktop/actualizado/traveler/api/app.py', reloading
2020-05-08 23:02:11,488 INFO werkzeug MainThread :  * Restarting with stat
2020-05-08 23:02:12,198 DEBUG app MainThread : Starting API Server
2020-05-08 23:02:12,212 DEBUG Tours Controller MainThread : Starting Tours Controller
2020-05-08 23:02:12,231 WARNING werkzeug MainThread :  * Debugger is active!
2020-05-08 23:02:12,231 INFO werkzeug MainThread :  * Debugger PIN: 164-914-456
2020-05-08 23:02:17,335 INFO werkzeug MainThread :  * Detected change in '/home/santiago22/Desktop/actualizado/traveler/api/app.py', reloading
2020-05-08 23:02:17,806 INFO werkzeug MainThread :  * Restarting with stat
2020-05-08 23:02:18,498 DEBUG app MainThread : Starting API Server
2020-05-08 23:02:18,508 DEBUG Tours Controller MainThread : Starting Tours Controller
2020-05-08 23:02:18,526 WARNING werkzeug MainThread :  * Debugger is active!
2020-05-08 23:02:18,527 INFO werkzeug MainThread :  * Debugger PIN: 164-914-456
2020-05-08 23:02:39,947 INFO werkzeug MainThread :  * Detected change in '/home/santiago22/Desktop/actualizado/traveler/api/app.py', reloading
2020-05-08 23:02:40,115 INFO werkzeug MainThread :  * Restarting with stat
2020-05-08 23:02:40,778 DEBUG app MainThread : S
2020-05-08 23:02:40,807 DEBUG Tours Controller MainThread : Starting Tours Controller
2020-05-08 23:02:40,852 WARNING werkzeug MainThread :  * Debugger is active!
2020-05-08 23:02:40,853 INFO werkzeug MainThread :  * Debugger PIN: 164-914-456
2020-05-08 23:02:42,894 INFO werkzeug MainThread :  * Detected change in '/home/santiago22/Desktop/actualizado/traveler/api/app.py', reloading
2020-05-08 23:02:43,461 INFO werkzeug MainThread :  * Restarting with stat
2020-05-08 23:02:44,219 DEBUG app MainThread : Server 
2020-05-08 23:02:44,228 DEBUG Tours Controller MainThread : Starting Tours Controller
2020-05-08 23:02:44,244 WARNING werkzeug MainThread :  * Debugger is active!
2020-05-08 23:02:44,246 INFO werkzeug MainThread :  * Debugger PIN: 164-914-456
2020-05-08 23:02:46,277 INFO werkzeug MainThread :  * Detected change in '/home/santiago22/Desktop/actualizado/traveler/api/app.py', reloading
2020-05-08 23:02:46,830 INFO werkzeug MainThread :  * Restarting with stat
2020-05-08 23:02:47,495 DEBUG app MainThread : Server on port 
2020-05-08 23:02:47,505 DEBUG Tours Controller MainThread : Starting Tours Controller
2020-05-08 23:02:47,519 WARNING werkzeug MainThread :  * Debugger is active!
2020-05-08 23:02:47,520 INFO werkzeug MainThread :  * Debugger PIN: 164-914-456
2020-05-08 23:02:56,655 INFO werkzeug MainThread :  * Detected change in '/home/santiago22/Desktop/actualizado/traveler/api/app.py', reloading
2020-05-08 23:02:57,095 INFO werkzeug MainThread :  * Restarting with stat
2020-05-08 23:02:57,705 DEBUG app MainThread : Server on port..
2020-05-08 23:02:57,713 DEBUG Tours Controller MainThread : Starting Tours Controller
2020-05-08 23:02:57,728 WARNING werkzeug MainThread :  * Debugger is active!
2020-05-08 23:02:57,729 INFO werkzeug MainThread :  * Debugger PIN: 164-914-456
2020-05-08 23:03:17,087 INFO werkzeug MainThread :  * Detected change in '/home/santiago22/Desktop/actualizado/traveler/api/app.py', reloading
2020-05-08 23:03:17,361 INFO werkzeug MainThread :  * Restarting with stat
2020-05-08 23:03:18,009 DEBUG app MainThread : Server on port..
2020-05-08 23:03:25,927 DEBUG app MainThread : Server on port..
2020-05-08 23:03:39,914 DEBUG app MainThread : Server on port..
2020-05-08 23:03:39,924 DEBUG Tours Controller MainThread : Starting Tours Controller
2020-05-08 23:03:39,943 INFO werkzeug MainThread :  * Running on http://127.0.0.1:5000/ (Press CTRL+C to quit)
2020-05-08 23:03:39,945 INFO werkzeug MainThread :  * Restarting with stat
2020-05-08 23:03:40,486 DEBUG app MainThread : Server on port..
2020-05-08 23:03:40,493 DEBUG Tours Controller MainThread : Starting Tours Controller
2020-05-08 23:03:40,510 WARNING werkzeug MainThread :  * Debugger is active!
2020-05-08 23:03:40,511 INFO werkzeug MainThread :  * Debugger PIN: 164-914-456
2020-05-08 23:03:44,216 INFO werkzeug Thread-2 : 127.0.0.1 - - [08/May/2020 23:03:44] "[33mGET /api/v1/tours/ HTTP/1.1[0m" 404 -
2020-05-08 23:03:47,612 DEBUG Tours Controller Thread-3 : Called from the web
2020-05-08 23:03:48,673 INFO werkzeug Thread-3 : 127.0.0.1 - - [08/May/2020 23:03:48] "[37mGET /api/v1/tours HTTP/1.1[0m" 200 -
2020-05-08 23:04:39,732 INFO werkzeug MainThread :  * Detected change in '/home/santiago22/Desktop/actualizado/traveler/api/controllers/tours_controller.py', reloading
2020-05-08 23:04:40,228 INFO werkzeug MainThread :  * Restarting with stat
2020-05-08 23:04:40,803 DEBUG app MainThread : Server on port..
2020-05-08 23:04:40,810 DEBUG Tours Controller MainThread : S Tours Controller
2020-05-08 23:04:40,823 WARNING werkzeug MainThread :  * Debugger is active!
2020-05-08 23:04:40,824 INFO werkzeug MainThread :  * Debugger PIN: 164-914-456
2020-05-08 23:04:43,878 INFO werkzeug MainThread :  * Detected change in '/home/santiago22/Desktop/actualizado/traveler/api/controllers/tours_controller.py', reloading
2020-05-08 23:04:44,533 INFO werkzeug MainThread :  * Restarting with stat
2020-05-08 23:04:45,184 DEBUG app MainThread : Server on port..
2020-05-08 23:04:45,192 DEBUG Tours Controller MainThread : Start Tours Controller
2020-05-08 23:04:45,204 WARNING werkzeug MainThread :  * Debugger is active!
2020-05-08 23:04:45,205 INFO werkzeug MainThread :  * Debugger PIN: 164-914-456
2020-05-08 23:04:46,222 INFO werkzeug MainThread :  * Detected change in '/home/santiago22/Desktop/actualizado/traveler/api/controllers/tours_controller.py', reloading
2020-05-08 23:04:46,771 INFO werkzeug MainThread :  * Restarting with stat
2020-05-08 23:04:47,328 DEBUG app MainThread : Server on port..
2020-05-08 23:04:47,337 DEBUG Tours Controller MainThread : Starting Tours Controller
2020-05-08 23:04:47,354 WARNING werkzeug MainThread :  * Debugger is active!
2020-05-08 23:04:47,354 INFO werkzeug MainThread :  * Debugger PIN: 164-914-456
2020-05-08 23:04:56,538 INFO werkzeug MainThread :  * Detected change in '/home/santiago22/Desktop/actualizado/traveler/api/controllers/tours_controller.py', reloading
2020-05-08 23:04:56,941 INFO werkzeug MainThread :  * Restarting with stat
2020-05-08 23:42:37,262 DEBUG app MainThread : Server on port..
2020-05-08 23:42:37,269 DEBUG Tours Controller MainThread : Starting Tours Controller
2020-05-08 23:42:37,284 INFO werkzeug MainThread :  * Running on http://127.0.0.1:5000/ (Press CTRL+C to quit)
2020-05-08 23:42:37,285 INFO werkzeug MainThread :  * Restarting with stat
2020-05-08 23:42:37,783 DEBUG app MainThread : Server on port..
2020-05-08 23:42:37,792 DEBUG Tours Controller MainThread : Starting Tours Controller
2020-05-08 23:42:37,806 WARNING werkzeug MainThread :  * Debugger is active!
2020-05-08 23:42:37,809 INFO werkzeug MainThread :  * Debugger PIN: 164-914-456
2020-05-08 23:42:42,790 DEBUG Tours Controller Thread-2 : Called from the web
2020-05-08 23:42:44,562 INFO werkzeug Thread-2 : 127.0.0.1 - - [08/May/2020 23:42:44] "[37mGET /api/v1/tours HTTP/1.1[0m" 200 -
